CREATE EXTENSION
CREATE EXTENSION
CREATE EXTENSION
CREATE TABLE
CREATE INDEX
 temporal_rtree_hook_reset 
---------------------------
 
(1 row)

 planner_hits | planner_rtree_eligible_hits | executor_dml_hits | executor_target_with_rtree_hits | path_bias_applied 
--------------+-----------------------------+-------------------+---------------------------------+-------------------
            0 |                           0 |                 0 |                               0 |                 0
(1 row)

SET
SET

                              QUERY PLAN                               
----------------------------------------------------------------------
 Index Scan using hook_idx on hook_test
   Index Cond: (temporalbox(attr, valid_period) && temporalbox_range(10, '2020-01-01'::timestamp without time zone, '2020-12-31'::timestamp without time zone))
(2 rows)

RESET
RESET

 planner_hits | planner_rtree_eligible_hits | executor_dml_hits | executor_target_with_rtree_hits | path_bias_applied 
--------------+-----------------------------+-------------------+---------------------------------+-------------------
            1 |                           1 |                 0 |                               0 |                 0
(1 row)

INSERT 0 1
UPDATE 1
DELETE 1
 planner_hits | planner_rtree_eligible_hits | executor_dml_hits | executor_target_with_rtree_hits | path_bias_applied 
--------------+-----------------------------+-------------------+---------------------------------+-------------------
            1 |                           1 |                 3 |                               3 |                 0
(1 row)

DROP INDEX
DROP TABLE