psql:/home/yash7312/Desktop/Sem6/DBIS/LAB/DBIS_project/run_experiment.sql:7: NOTICE:  extension "cube" already exists, skipping
CREATE EXTENSION
psql:/home/yash7312/Desktop/Sem6/DBIS/LAB/DBIS_project/postgresql/contrib/temporalbox/temporalbox--1.0.sql:1: NOTICE:  extension "cube" already exists, skipping
CREATE EXTENSION
CREATE FUNCTION
CREATE FUNCTION
CREATE FUNCTION
CREATE PROCEDURE
CREATE PROCEDURE
CREATE PROCEDURE
CREATE PROCEDURE
CREATE PROCEDURE
CREATE PROCEDURE
CREATE PROCEDURE
CREATE PROCEDURE
psql:/home/yash7312/Desktop/Sem6/DBIS/LAB/DBIS_project/run_experiment.sql:12: NOTICE:  extension "btree_gist" already exists, skipping
CREATE EXTENSION
psql:/home/yash7312/Desktop/Sem6/DBIS/LAB/DBIS_project/run_experiment.sql:15: NOTICE:  index "idx_btree_attr_lower" does not exist, skipping
psql:/home/yash7312/Desktop/Sem6/DBIS/LAB/DBIS_project/run_experiment.sql:15: NOTICE:  index "idx_gist_period" does not exist, skipping
psql:/home/yash7312/Desktop/Sem6/DBIS/LAB/DBIS_project/run_experiment.sql:15: NOTICE:  index "idx_gist_attr_period" does not exist, skipping
psql:/home/yash7312/Desktop/Sem6/DBIS/LAB/DBIS_project/run_experiment.sql:15: NOTICE:  index "idx_brin_lower" does not exist, skipping
psql:/home/yash7312/Desktop/Sem6/DBIS/LAB/DBIS_project/run_experiment.sql:15: NOTICE:  index "idx_hist_gist" does not exist, skipping
psql:/home/yash7312/Desktop/Sem6/DBIS/LAB/DBIS_project/run_experiment.sql:15: NOTICE:  index "idx_hist_attr_gist" does not exist, skipping
psql:/home/yash7312/Desktop/Sem6/DBIS/LAB/DBIS_project/run_experiment.sql:15: NOTICE:  index "idx_current_attr_start" does not exist, skipping
psql:/home/yash7312/Desktop/Sem6/DBIS/LAB/DBIS_project/run_experiment.sql:15: NOTICE:  index "idx_current_start" does not exist, skipping
psql:/home/yash7312/Desktop/Sem6/DBIS/LAB/DBIS_project/run_experiment.sql:15: NOTICE:  index "idx_hst_gist" does not exist, skipping
CALL
VACUUM
psql:/home/yash7312/Desktop/Sem6/DBIS/LAB/DBIS_project/run_experiment.sql:24: NOTICE:  index "idx_btree_attr_lower" does not exist, skipping
psql:/home/yash7312/Desktop/Sem6/DBIS/LAB/DBIS_project/run_experiment.sql:24: NOTICE:  index "idx_gist_period" does not exist, skipping
psql:/home/yash7312/Desktop/Sem6/DBIS/LAB/DBIS_project/run_experiment.sql:24: NOTICE:  index "idx_gist_attr_period" does not exist, skipping
psql:/home/yash7312/Desktop/Sem6/DBIS/LAB/DBIS_project/run_experiment.sql:24: NOTICE:  index "idx_brin_lower" does not exist, skipping
psql:/home/yash7312/Desktop/Sem6/DBIS/LAB/DBIS_project/run_experiment.sql:24: NOTICE:  index "idx_hist_gist" does not exist, skipping
psql:/home/yash7312/Desktop/Sem6/DBIS/LAB/DBIS_project/run_experiment.sql:24: NOTICE:  index "idx_hist_attr_gist" does not exist, skipping
psql:/home/yash7312/Desktop/Sem6/DBIS/LAB/DBIS_project/run_experiment.sql:24: NOTICE:  index "idx_current_attr_start" does not exist, skipping
psql:/home/yash7312/Desktop/Sem6/DBIS/LAB/DBIS_project/run_experiment.sql:24: NOTICE:  index "idx_current_start" does not exist, skipping
psql:/home/yash7312/Desktop/Sem6/DBIS/LAB/DBIS_project/run_experiment.sql:24: NOTICE:  index "idx_hst_gist" does not exist, skipping
CALL
VACUUM
psql:/home/yash7312/Desktop/Sem6/DBIS/LAB/DBIS_project/run_experiment.sql:33: NOTICE:  index "idx_gist_period" does not exist, skipping
psql:/home/yash7312/Desktop/Sem6/DBIS/LAB/DBIS_project/run_experiment.sql:33: NOTICE:  index "idx_gist_attr_period" does not exist, skipping
psql:/home/yash7312/Desktop/Sem6/DBIS/LAB/DBIS_project/run_experiment.sql:33: NOTICE:  index "idx_brin_lower" does not exist, skipping
psql:/home/yash7312/Desktop/Sem6/DBIS/LAB/DBIS_project/run_experiment.sql:33: NOTICE:  index "idx_hist_gist" does not exist, skipping
psql:/home/yash7312/Desktop/Sem6/DBIS/LAB/DBIS_project/run_experiment.sql:33: NOTICE:  index "idx_hist_attr_gist" does not exist, skipping
psql:/home/yash7312/Desktop/Sem6/DBIS/LAB/DBIS_project/run_experiment.sql:33: NOTICE:  index "idx_current_attr_start" does not exist, skipping
psql:/home/yash7312/Desktop/Sem6/DBIS/LAB/DBIS_project/run_experiment.sql:33: NOTICE:  index "idx_current_start" does not exist, skipping
psql:/home/yash7312/Desktop/Sem6/DBIS/LAB/DBIS_project/run_experiment.sql:33: NOTICE:  index "idx_hst_gist" does not exist, skipping
CALL
VACUUM
psql:/home/yash7312/Desktop/Sem6/DBIS/LAB/DBIS_project/run_experiment.sql:42: NOTICE:  index "idx_btree_attr_lower" does not exist, skipping
psql:/home/yash7312/Desktop/Sem6/DBIS/LAB/DBIS_project/run_experiment.sql:42: NOTICE:  index "idx_gist_attr_period" does not exist, skipping
psql:/home/yash7312/Desktop/Sem6/DBIS/LAB/DBIS_project/run_experiment.sql:42: NOTICE:  index "idx_brin_lower" does not exist, skipping
psql:/home/yash7312/Desktop/Sem6/DBIS/LAB/DBIS_project/run_experiment.sql:42: NOTICE:  index "idx_hist_gist" does not exist, skipping
psql:/home/yash7312/Desktop/Sem6/DBIS/LAB/DBIS_project/run_experiment.sql:42: NOTICE:  index "idx_hist_attr_gist" does not exist, skipping
psql:/home/yash7312/Desktop/Sem6/DBIS/LAB/DBIS_project/run_experiment.sql:42: NOTICE:  index "idx_current_attr_start" does not exist, skipping
psql:/home/yash7312/Desktop/Sem6/DBIS/LAB/DBIS_project/run_experiment.sql:42: NOTICE:  index "idx_current_start" does not exist, skipping
psql:/home/yash7312/Desktop/Sem6/DBIS/LAB/DBIS_project/run_experiment.sql:42: NOTICE:  index "idx_hst_gist" does not exist, skipping
CALL
VACUUM
psql:/home/yash7312/Desktop/Sem6/DBIS/LAB/DBIS_project/run_experiment.sql:51: NOTICE:  index "idx_btree_attr_lower" does not exist, skipping
psql:/home/yash7312/Desktop/Sem6/DBIS/LAB/DBIS_project/run_experiment.sql:51: NOTICE:  index "idx_gist_period" does not exist, skipping
psql:/home/yash7312/Desktop/Sem6/DBIS/LAB/DBIS_project/run_experiment.sql:51: NOTICE:  index "idx_brin_lower" does not exist, skipping
psql:/home/yash7312/Desktop/Sem6/DBIS/LAB/DBIS_project/run_experiment.sql:51: NOTICE:  index "idx_hist_gist" does not exist, skipping
psql:/home/yash7312/Desktop/Sem6/DBIS/LAB/DBIS_project/run_experiment.sql:51: NOTICE:  index "idx_hist_attr_gist" does not exist, skipping
psql:/home/yash7312/Desktop/Sem6/DBIS/LAB/DBIS_project/run_experiment.sql:51: NOTICE:  index "idx_current_attr_start" does not exist, skipping
psql:/home/yash7312/Desktop/Sem6/DBIS/LAB/DBIS_project/run_experiment.sql:51: NOTICE:  index "idx_current_start" does not exist, skipping
psql:/home/yash7312/Desktop/Sem6/DBIS/LAB/DBIS_project/run_experiment.sql:51: NOTICE:  index "idx_hst_gist" does not exist, skipping
CALL
VACUUM
psql:/home/yash7312/Desktop/Sem6/DBIS/LAB/DBIS_project/run_experiment.sql:60: NOTICE:  index "idx_btree_attr_lower" does not exist, skipping
psql:/home/yash7312/Desktop/Sem6/DBIS/LAB/DBIS_project/run_experiment.sql:60: NOTICE:  index "idx_gist_period" does not exist, skipping
psql:/home/yash7312/Desktop/Sem6/DBIS/LAB/DBIS_project/run_experiment.sql:60: NOTICE:  index "idx_gist_attr_period" does not exist, skipping
psql:/home/yash7312/Desktop/Sem6/DBIS/LAB/DBIS_project/run_experiment.sql:60: NOTICE:  index "idx_hist_gist" does not exist, skipping
psql:/home/yash7312/Desktop/Sem6/DBIS/LAB/DBIS_project/run_experiment.sql:60: NOTICE:  index "idx_hist_attr_gist" does not exist, skipping
psql:/home/yash7312/Desktop/Sem6/DBIS/LAB/DBIS_project/run_experiment.sql:60: NOTICE:  index "idx_current_attr_start" does not exist, skipping
psql:/home/yash7312/Desktop/Sem6/DBIS/LAB/DBIS_project/run_experiment.sql:60: NOTICE:  index "idx_current_start" does not exist, skipping
psql:/home/yash7312/Desktop/Sem6/DBIS/LAB/DBIS_project/run_experiment.sql:60: NOTICE:  index "idx_hst_gist" does not exist, skipping
CALL
VACUUM
psql:/home/yash7312/Desktop/Sem6/DBIS/LAB/DBIS_project/run_experiment.sql:69: NOTICE:  index "idx_btree_attr_lower" does not exist, skipping
psql:/home/yash7312/Desktop/Sem6/DBIS/LAB/DBIS_project/run_experiment.sql:69: NOTICE:  index "idx_gist_period" does not exist, skipping
psql:/home/yash7312/Desktop/Sem6/DBIS/LAB/DBIS_project/run_experiment.sql:69: NOTICE:  index "idx_gist_attr_period" does not exist, skipping
psql:/home/yash7312/Desktop/Sem6/DBIS/LAB/DBIS_project/run_experiment.sql:69: NOTICE:  index "idx_brin_lower" does not exist, skipping
psql:/home/yash7312/Desktop/Sem6/DBIS/LAB/DBIS_project/run_experiment.sql:69: NOTICE:  index "idx_hst_gist" does not exist, skipping
CALL
VACUUM
	Command being timed: "/home/yash7312/Desktop/Sem6/DBIS/LAB/DBIS_project/postgresql/install/bin/psql -p 5433 -d test -v ON_ERROR_STOP=1 -v log_dir=/home/yash7312/Desktop/Sem6/DBIS/LAB/DBIS_project/experiment_logs -f /home/yash7312/Desktop/Sem6/DBIS/LAB/DBIS_project/run_experiment.sql"
	User time (seconds): 0.00
	System time (seconds): 0.01
	Percent of CPU this job got: 0%
	Elapsed (wall clock) time (h:mm:ss or m:ss): 0:21.87
	Average shared text size (kbytes): 0
	Average unshared data size (kbytes): 0
	Average stack size (kbytes): 0
	Average total size (kbytes): 0
	Maximum resident set size (kbytes): 3716
	Average resident set size (kbytes): 0
	Major (requiring I/O) page faults: 0
	Minor (reclaiming a frame) page faults: 332
	Voluntary context switches: 159
	Involuntary context switches: 13
	Swaps: 0
	File system inputs: 0
	File system outputs: 288
	Socket messages sent: 0
	Socket messages received: 0
	Signals delivered: 0
	Page size (bytes): 4096
	Exit status: 0
