Parsed test spec with 5 sessions

starting permutation: s1_insert_a s2_insert_b s3_correctness s4_hot_update s5_purge
step s1_insert_a: INSERT INTO temporal_data VALUES
      (1, 10, tsrange('2020-01-01', '2020-01-02', '[)'), 'a1'),
      (2, 10, tsrange('2020-01-02', '2020-01-03', '[)'), 'a2'),
      (3, 10, tsrange('2020-01-03', '2020-01-04', '[)'), 'a3');
step s2_insert_b: INSERT INTO temporal_data VALUES
      (101, 10, tsrange('2020-01-01 12:00', '2020-01-02 12:00', '[)'), 'b1'),
      (102, 10, tsrange('2020-01-02 12:00', '2020-01-03 12:00', '[)'), 'b2'),
      (103, 10, tsrange('2020-01-03 12:00', '2020-01-04 12:00', '[)'), 'b3');
step s3_correctness: SELECT
        count(*) AS total_rows,
        (SELECT count(*)
         FROM temporal_data
         WHERE temporalbox(attr, valid_period)
               && temporalbox_range(10, timestamp '2020-01-01', timestamp '2020-01-04')) AS indexed_hits,
        (SELECT count(*)
         FROM temporal_data
         WHERE valid_period && tsrange('2020-01-01', '2020-01-04', '[)')) AS truth_hits;
total_rows|indexed_hits|truth_hits
----------+------------+----------
         6|           6|         6
(1 row)

step s4_hot_update: UPDATE temporal_data
    SET valid_period = tsrange(lower(valid_period), upper(valid_period) + interval '1 day', '[)')
    WHERE id IN (1, 101);
step s5_purge: DELETE FROM temporal_data
    WHERE id = 3 OR id = 103;
